<?xml version="1.0" encoding="UTF-8"?>
<coverage generated="1650527529206" clover="3.2.0">
  <project timestamp="1650527529206" name="All files">
    <metrics statements="5" coveredstatements="3" conditionals="4" coveredconditionals="1" methods="2" coveredmethods="1" elements="11" coveredelements="5" complexity="0" loc="5" ncloc="5" packages="1" files="1" classes="1"/>
    <file name="get-initials.js" path="D:\Online Gift Shop\frontend\src\logic\get-initials.js">
      <metrics statements="5" coveredstatements="3" conditionals="4" coveredconditionals="1" methods="2" coveredmethods="1"/>
      <line num="1" count="1" type="stmt"/>
      <line num="2" count="1" type="cond" truecount="1" falsecount="1"/>
      <line num="3" count="0" type="stmt"/>
      <line num="7" count="0" type="cond" truecount="0" falsecount="2"/>
      <line num="10" count="1" type="stmt"/>
    </file>
  </project>
</coverage>
