{"D:\\Online Gift Shop\\frontend\\src\\logic\\get-initials.js": {"path":"D:\\Online Gift Shop\\frontend\\src\\logic\\get-initials.js","statementMap":{"0":{"start":{"line":1,"column":27},"end":{"line":12,"column":1}},"1":{"start":{"line":2,"column":4},"end":{"line":11,"column":5}},"2":{"start":{"line":3,"column":8},"end":{"line":8,"column":22}},"3":{"start":{"line":7,"column":24},"end":{"line":7,"column":47}},"4":{"start":{"line":10,"column":8},"end":{"line":10,"column":20}}},"fnMap":{"0":{"name":"(anonymous_0)","decl":{"start":{"line":1,"column":27},"end":{"line":1,"column":28}},"loc":{"start":{"line":1,"column":37},"end":{"line":12,"column":1}},"line":1},"1":{"name":"(anonymous_1)","decl":{"start":{"line":7,"column":17},"end":{"line":7,"column":18}},"loc":{"start":{"line":7,"column":24},"end":{"line":7,"column":47}},"line":7}},"branchMap":{"0":{"loc":{"start":{"line":2,"column":4},"end":{"line":11,"column":5}},"type":"if","locations":[{"start":{"line":2,"column":4},"end":{"line":11,"column":5}},{"start":{"line":9,"column":11},"end":{"line":11,"column":5}}],"line":2},"1":{"loc":{"start":{"line":7,"column":24},"end":{"line":7,"column":47}},"type":"binary-expr","locations":[{"start":{"line":7,"column":24},"end":{"line":7,"column":25}},{"start":{"line":7,"column":29},"end":{"line":7,"column":47}}],"line":7}},"s":{"0":1,"1":1,"2":0,"3":0,"4":1},"f":{"0":1,"1":0},"b":{"0":[0,1],"1":[0,0]},"_coverageSchema":"1a1c01bbd47fc00a2c39e90264f33305004495a9","hash":"1fba3b34ff02281cf0d285f0d38cef745e15b542"}
}
